{"C:\\Users\\Steven\\Documents\\Portafolio Steven\\toDo_MERN\\backend\\middlewares\\errorHandler.js": {"path":"C:\\Users\\Steven\\Documents\\Portafolio Steven\\toDo_MERN\\backend\\middlewares\\errorHandler.js","statementMap":{"0":{"start":{"line":1,"column":21},"end":{"line":13,"column":1}},"1":{"start":{"line":5,"column":21},"end":{"line":5,"column":42}},"2":{"start":{"line":8,"column":2},"end":{"line":12,"column":5}},"3":{"start":{"line":15,"column":0},"end":{"line":15,"column":30}}},"fnMap":{"0":{"name":"(anonymous_0)","decl":{"start":{"line":1,"column":21},"end":{"line":1,"column":22}},"loc":{"start":{"line":1,"column":46},"end":{"line":13,"column":1}},"line":1}},"branchMap":{"0":{"loc":{"start":{"line":5,"column":21},"end":{"line":5,"column":42}},"type":"binary-expr","locations":[{"start":{"line":5,"column":21},"end":{"line":5,"column":35}},{"start":{"line":5,"column":39},"end":{"line":5,"column":42}}],"line":5},"1":{"loc":{"start":{"line":9,"column":13},"end":{"line":9,"column":56}},"type":"binary-expr","locations":[{"start":{"line":9,"column":13},"end":{"line":9,"column":24}},{"start":{"line":9,"column":28},"end":{"line":9,"column":56}}],"line":9},"2":{"loc":{"start":{"line":10,"column":11},"end":{"line":10,"column":67}},"type":"cond-expr","locations":[{"start":{"line":10,"column":51},"end":{"line":10,"column":55}},{"start":{"line":10,"column":58},"end":{"line":10,"column":67}}],"line":10},"3":{"loc":{"start":{"line":11,"column":11},"end":{"line":11,"column":59}},"type":"cond-expr","locations":[{"start":{"line":11,"column":51},"end":{"line":11,"column":53}},{"start":{"line":11,"column":56},"end":{"line":11,"column":59}}],"line":11}},"s":{"0":2,"1":4,"2":4,"3":2},"f":{"0":4},"b":{"0":[4,2],"1":[4,0],"2":[1,3],"3":[1,3]},"_coverageSchema":"1a1c01bbd47fc00a2c39e90264f33305004495a9","hash":"68aed4ca7820721edd03f49e6dd6a3efe8846e3d"}
,"C:\\Users\\Steven\\Documents\\Portafolio Steven\\toDo_MERN\\backend\\middlewares\\rateLimiter.js": {"path":"C:\\Users\\Steven\\Documents\\Portafolio Steven\\toDo_MERN\\backend\\middlewares\\rateLimiter.js","statementMap":{"0":{"start":{"line":1,"column":18},"end":{"line":1,"column":47}},"1":{"start":{"line":4,"column":16},"end":{"line":17,"column":2}},"2":{"start":{"line":15,"column":4},"end":{"line":15,"column":17}},"3":{"start":{"line":19,"column":0},"end":{"line":19,"column":25}}},"fnMap":{"0":{"name":"(anonymous_0)","decl":{"start":{"line":13,"column":8},"end":{"line":13,"column":9}},"loc":{"start":{"line":13,"column":17},"end":{"line":16,"column":3}},"line":13}},"branchMap":{},"s":{"0":3,"1":3,"2":1,"3":3},"f":{"0":1},"b":{},"_coverageSchema":"1a1c01bbd47fc00a2c39e90264f33305004495a9","hash":"411efb4e2815232759c2ffaadd89c38da9589db8"}
,"C:\\Users\\Steven\\Documents\\Portafolio Steven\\toDo_MERN\\backend\\middlewares\\verifyJWT.js": {"path":"C:\\Users\\Steven\\Documents\\Portafolio Steven\\toDo_MERN\\backend\\middlewares\\verifyJWT.js","statementMap":{"0":{"start":{"line":1,"column":12},"end":{"line":1,"column":35}},"1":{"start":{"line":3,"column":18},"end":{"line":27,"column":1}},"2":{"start":{"line":5,"column":16},"end":{"line":5,"column":67}},"3":{"start":{"line":7,"column":2},"end":{"line":9,"column":3}},"4":{"start":{"line":8,"column":4},"end":{"line":8,"column":84}},"5":{"start":{"line":11,"column":2},"end":{"line":26,"column":3}},"6":{"start":{"line":13,"column":20},"end":{"line":13,"column":61}},"7":{"start":{"line":16,"column":4},"end":{"line":18,"column":5}},"8":{"start":{"line":17,"column":6},"end":{"line":17,"column":76}},"9":{"start":{"line":21,"column":4},"end":{"line":21,"column":28}},"10":{"start":{"line":22,"column":4},"end":{"line":22,"column":11}},"11":{"start":{"line":24,"column":4},"end":{"line":24,"column":53}},"12":{"start":{"line":25,"column":4},"end":{"line":25,"column":57}},"13":{"start":{"line":29,"column":0},"end":{"line":29,"column":27}}},"fnMap":{"0":{"name":"(anonymous_0)","decl":{"start":{"line":3,"column":18},"end":{"line":3,"column":19}},"loc":{"start":{"line":3,"column":38},"end":{"line":27,"column":1}},"line":3}},"branchMap":{"0":{"loc":{"start":{"line":7,"column":2},"end":{"line":9,"column":3}},"type":"if","locations":[{"start":{"line":7,"column":2},"end":{"line":9,"column":3}},{"start":{},"end":{}}],"line":7},"1":{"loc":{"start":{"line":16,"column":4},"end":{"line":18,"column":5}},"type":"if","locations":[{"start":{"line":16,"column":4},"end":{"line":18,"column":5}},{"start":{},"end":{}}],"line":16}},"s":{"0":1,"1":1,"2":4,"3":4,"4":1,"5":3,"6":3,"7":2,"8":1,"9":1,"10":1,"11":1,"12":1,"13":1},"f":{"0":4},"b":{"0":[1,3],"1":[1,1]},"_coverageSchema":"1a1c01bbd47fc00a2c39e90264f33305004495a9","hash":"4020b13916005ce6aee497c0d46df0982c60aa87"}
}
