TN:
SF:middlewares\errorHandler.js
FN:1,(anonymous_0)
FNF:1
FNH:1
FNDA:4,(anonymous_0)
DA:1,2
DA:5,4
DA:8,4
DA:15,2
LF:4
LH:4
BRDA:5,0,0,4
BRDA:5,0,1,2
BRDA:9,1,0,4
BRDA:9,1,1,0
BRDA:10,2,0,1
BRDA:10,2,1,3
BRDA:11,3,0,1
BRDA:11,3,1,3
BRF:8
BRH:7
end_of_record
TN:
SF:middlewares\rateLimiter.js
FN:13,(anonymous_0)
FNF:1
FNH:1
FNDA:1,(anonymous_0)
DA:1,3
DA:4,3
DA:15,1
DA:19,3
LF:4
LH:4
BRF:0
BRH:0
end_of_record
TN:
SF:middlewares\verifyJWT.js
FN:3,(anonymous_0)
FNF:1
FNH:1
FNDA:4,(anonymous_0)
DA:1,1
DA:3,1
DA:5,4
DA:7,4
DA:8,1
DA:11,3
DA:13,3
DA:16,2
DA:17,1
DA:21,1
DA:22,1
DA:24,1
DA:25,1
DA:29,1
LF:14
LH:14
BRDA:7,0,0,1
BRDA:7,0,1,3
BRDA:16,1,0,1
BRDA:16,1,1,1
BRF:4
BRH:4
end_of_record
